2024-01-15 08:23:45 INFO: Server started successfully
2024-01-15 08:24:12 INFO: Database connection established
2024-01-15 08:25:30 DEBUG: Loading user modules
2024-01-15 08:26:18 INFO: Processing incoming requests
2024-01-15 08:27:05 WARNING: High memory usage detected (85%)
2024-01-15 08:28:33 INFO: Cache refreshed
2024-01-15 08:29:41 DEBUG: User authentication completed
2024-01-15 08:30:22 INFO: Backup started
2024-01-15 08:31:15 ERROR: Connection timeout to database server
2024-01-15 08:31:16 INFO: Retrying connection...
2024-01-15 08:32:04 INFO: Connection restored
2024-01-15 08:33:28 DEBUG: Processing payment transactions
2024-01-15 08:34:52 WARNING: Slow query detected (duration: 5.3s)
2024-01-15 08:35:19 INFO: Daily report generated
2024-01-15 08:36:44 ERROR: Failed to send email notification
2024-01-15 08:37:31 INFO: Email service restarted
2024-01-15 08:38:15 DEBUG: Cleaning temporary files
2024-01-15 08:39:03 INFO: System health check passed
2024-01-15 08:40:27 ERROR: Disk write error - insufficient space
2024-01-15 08:41:52 INFO: Cleaning old logs
2024-01-15 08:42:38 ERROR: Authentication failed for user 'admin' from IP 192.168.1.105
2024-01-15 08:43:14 WARNING: Multiple failed login attempts detected
2024-01-15 08:44:05 INFO: Security scan completed
2024-01-15 08:45:29 ERROR: Payment gateway timeout (30s)
2024-01-15 08:46:33 INFO: Payment queue processing
2024-01-15 08:47:18 DEBUG: Updating user profiles
2024-01-15 08:48:42 INFO: Session cleanup completed
2024-01-15 08:49:27 ERROR: Database connection pool exhausted
2024-01-15 08:50:13 INFO: Restarting database connection pool
2024-01-15 08:51:38 INFO: Database pool restored
2024-01-15 08:52:24 WARNING: CPU temperature high (78°C)
2024-01-15 08:53:49 INFO: Cooling fans speed increased
2024-01-15 08:54:35 DEBUG: Processing analytics data
2024-01-15 08:55:12 INFO: Generating performance report
2024-01-15 08:56:48 ERROR: API rate limit exceeded for key CLIENT_123
2024-01-15 08:57:23 INFO: API rate limit reset
2024-01-15 08:58:07 WARNING: Memory leak detected in process #2345
2024-01-15 08:59:41 INFO: Process restarted
2024-01-15 09:00:15 ERROR: SSL certificate expired
2024-01-15 09:01:33 ERROR: Failed to renew SSL certificate
2024-01-15 09:02:48 CRITICAL: Service unavailable due to SSL error
2024-01-15 09:03:24 INFO: Manual intervention required
2024-01-15 09:04:52 ERROR: Backup failed - target disk full
2024-01-15 09:05:37 INFO: Backup retry scheduled
2024-01-15 09:06:23 DEBUG: Checking disk space
2024-01-15 09:07:48 WARNING: Disk space critical (92% used)
2024-01-15 09:08:34 INFO: Starting log rotation
2024-01-15 09:09:19 INFO: Log rotation completed
2024-01-15 09:10:45 ERROR: User session timeout too frequent
2024-01-15 09:11:32 INFO: Adjusting session timeout settings
2024-01-15 09:12:58 DEBUG: Testing new session configuration
2024-01-15 09:13:44 INFO: Configuration applied successfully
2024-01-15 09:14:29 WARNING: Unusual traffic pattern detected from IP 10.0.0.45
2024-01-15 09:15:53 INFO: Adding IP to monitoring list
2024-01-15 09:16:38 ERROR: DNS resolution failed for api.external.com
2024-01-15 09:17:24 INFO: Using fallback DNS server
2024-01-15 09:18:49 INFO: DNS resolution restored
2024-01-15 09:19:35 DEBUG: Synchronizing with NTP server
2024-01-15 09:20:12 INFO: Time synchronized
2024-01-15 09:21:47 ERROR: Failed to load configuration file
2024-01-15 09:22:33 INFO: Using default configuration
2024-01-15 09:23:18 WARNING: Configuration version mismatch
2024-01-15 09:24:42 INFO: Updating configuration from backup
2024-01-15 09:25:28 ERROR: Configuration update failed
2024-01-15 09:26:14 CRITICAL: System running with incompatible settings
2024-01-15 09:27:39 INFO: Initiating emergency protocol
2024-01-15 09:28:25 DEBUG: Rolling back to last working configuration
2024-01-15 09:29:51 INFO: Rollback successful
2024-01-15 09:30:36 WARNING: System performance degraded
2024-01-15 09:31:22 INFO: Running diagnostics
2024-01-15 09:32:47 DEBUG: Checking service health
2024-01-15 09:33:33 ERROR: Web server not responding on port 443
2024-01-15 09:34:18 INFO: Restarting web server
2024-01-15 09:35:44 INFO: Web server started successfully
2024-01-15 09:36:29 WARNING: High latency detected (response time > 2s)
2024-01-15 09:37:15 DEBUG: Analyzing network traffic
2024-01-15 09:38:40 INFO: Optimizing connection pool
2024-01-15 09:39:26 ERROR: Cache server connection refused
2024-01-15 09:40:12 INFO: Switching to local cache
2024-01-15 09:41:37 WARNING: Local cache performance degraded
2024-01-15 09:42:23 DEBUG: Clearing corrupted cache entries
2024-01-15 09:43:48 INFO: Cache cleared successfully
2024-01-15 09:44:34 ERROR: Failed to establish secure connection
2024-01-15 09:45:19 INFO: Retrying with TLS 1.3
2024-01-15 09:46:45 INFO: Secure connection established
2024-01-15 09:47:31 DEBUG: Processing batch job #4456
2024-01-15 09:48:56 INFO: Batch job completed (success: 234, failed: 3)
2024-01-15 09:49:42 WARNING: Failed jobs detected, check logs for details
2024-01-15 09:50:27 ERROR: Index corruption detected in database
2024-01-15 09:51:53 INFO: Running database repair tool
2024-01-15 09:52:39 INFO: Database repair completed
2024-01-15 09:53:24 DEBUG: Rebuilding indexes
2024-01-15 09:54:50 INFO: Indexes rebuilt successfully
2024-01-15 09:55:36 WARNING: Unusual system behavior detected
2024-01-15 09:56:22 ERROR: System monitoring service crashed
2024-01-15 09:57:47 INFO: Restarting monitoring service
2024-01-15 09:58:33 DEBUG: Collecting system metrics
2024-01-15 09:59:18 INFO: System stable, monitoring resumed
2024-01-15 10:00:00 INFO: End of log segment